<?xml version="1.0" encoding="UTF-8"?>
<testng-results ignored="0" total="1" passed="1" failed="0" skipped="0">
  <reporter-output>
  </reporter-output>
  <suite started-at="2024-04-16T02:30:27 IST" name="Default suite" finished-at="2024-04-16T02:30:28 IST" duration-ms="38">
    <groups>
    </groups>
    <test started-at="2024-04-16T02:30:27 IST" name="Default test" finished-at="2024-04-16T02:30:28 IST" duration-ms="38">
      <class name="orange_hrm.TestNgCheck">
        <test-method signature="userLogin()[pri:0, instance:orange_hrm.TestNgCheck@2eae8e6e]" started-at="2024-04-16T02:30:28 IST" name="userLogin" finished-at="2024-04-16T02:30:28 IST" duration-ms="6" status="PASS">
          <reporter-output>
          </reporter-output>
        </test-method> <!-- userLogin -->
      </class> <!-- orange_hrm.TestNgCheck -->
    </test> <!-- Default test -->
  </suite> <!-- Default suite -->
</testng-results>
