<?xml version="1.0" encoding="UTF-8"?>
<testng-results ignored="0" total="1" passed="1" failed="0" skipped="0">
  <reporter-output>
  </reporter-output>
  <suite started-at="2024-04-27T19:19:09 IST" name="Default suite" finished-at="2024-04-27T19:19:36 IST" duration-ms="26504">
    <groups>
    </groups>
    <test started-at="2024-04-27T19:19:09 IST" name="Default test" finished-at="2024-04-27T19:19:36 IST" duration-ms="26504">
      <class name="test_cases.LoginTest">
        <test-method is-config="true" signature="beforeEveryTest()[pri:0, instance:test_cases.LoginTest@33065d67]" started-at="2024-04-27T19:19:09 IST" name="beforeEveryTest" finished-at="2024-04-27T19:19:35 IST" duration-ms="25534" status="PASS">
          <reporter-output>
          </reporter-output>
        </test-method> <!-- beforeEveryTest -->
        <test-method signature="checkLinkOnPage()[pri:0, instance:test_cases.LoginTest@33065d67]" started-at="2024-04-27T19:19:35 IST" name="checkLinkOnPage" finished-at="2024-04-27T19:19:36 IST" duration-ms="765" status="PASS">
          <reporter-output>
          </reporter-output>
        </test-method> <!-- checkLinkOnPage -->
        <test-method is-config="true" signature="afterEveryTest()[pri:0, instance:test_cases.LoginTest@33065d67]" started-at="2024-04-27T19:19:36 IST" name="afterEveryTest" finished-at="2024-04-27T19:19:36 IST" duration-ms="154" status="PASS">
          <reporter-output>
          </reporter-output>
        </test-method> <!-- afterEveryTest -->
      </class> <!-- test_cases.LoginTest -->
    </test> <!-- Default test -->
  </suite> <!-- Default suite -->
</testng-results>
